android/gradleBuild/outputs/logs/manifest-merger-debug-report.txt
-- Merging decision tree log ---
manifest
ADDED from doggo-checker/android/AndroidManifest.xml:18:1-64:12
	package
		ADDED from doggo-checker/android/AndroidManifest.xml:19:5-34
	xmlns:android
		ADDED from doggo-checker/android/AndroidManifest.xml:18:11-69
uses-permission#android.permission.CAMERA
ADDED from doggo-checker/android/AndroidManifest.xml:21:5-65
	android:name
		ADDED from doggo-checker/android/AndroidManifest.xml:21:22-62
uses-feature#android.hardware.camera
ADDED from doggo-checker/android/AndroidManifest.xml:22:5-60
	android:name
		ADDED from doggo-checker/android/AndroidManifest.xml:22:19-57
uses-feature#android.hardware.camera.autofocus
ADDED from doggo-checker/android/AndroidManifest.xml:23:5-70
	android:name
		ADDED from doggo-checker/android/AndroidManifest.xml:23:19-67
uses-permission#android.permission.WRITE_EXTERNAL_STORAGE
ADDED from doggo-checker/android/AndroidManifest.xml:24:5-80
	android:name
		ADDED from doggo-checker/android/AndroidManifest.xml:24:22-78
uses-sdk
ADDED from doggo-checker/android/AndroidManifest.xml:26:5-28:41
	android:targetSdkVersion
		ADDED from doggo-checker/android/AndroidManifest.xml:28:9-38
	android:minSdkVersion
		ADDED from doggo-checker/android/AndroidManifest.xml:27:9-35
application
ADDED from doggo-checker/android/AndroidManifest.xml:30:5-62:19
	android:label
		ADDED from doggo-checker/android/AndroidManifest.xml:32:9-41
	android:debuggable
		ADDED from doggo-checker/android/AndroidManifest.xml:31:9-34
	android:allowBackup
		ADDED from doggo-checker/android/AndroidManifest.xml:30:18-44
	android:icon
		ADDED from doggo-checker/android/AndroidManifest.xml:33:9-45
	android:theme
		ADDED from doggo-checker/android/AndroidManifest.xml:34:9-45
activity#org.tensorflow.demo.ClassifierActivity
ADDED from doggo-checker/android/AndroidManifest.xml:36:9-43:20
	android:screenOrientation
		ADDED from doggo-checker/android/AndroidManifest.xml:37:19-55
	android:label
		ADDED from doggo-checker/android/AndroidManifest.xml:38:19-71
	android:name
		ADDED from doggo-checker/android/AndroidManifest.xml:36:19-72
intent-filter#android.intent.action.MAIN+android.intent.category.LAUNCHER
ADDED from doggo-checker/android/AndroidManifest.xml:39:13-42:29
action#android.intent.action.MAIN
ADDED from doggo-checker/android/AndroidManifest.xml:40:17-69
	android:name
		ADDED from doggo-checker/android/AndroidManifest.xml:40:25-66
category#android.intent.category.LAUNCHER
ADDED from doggo-checker/android/AndroidManifest.xml:41:17-77
	android:name
		ADDED from doggo-checker/android/AndroidManifest.xml:41:27-74
activity#org.tensorflow.demo.DetectorActivity
ADDED from doggo-checker/android/AndroidManifest.xml:45:9-52:20
	android:screenOrientation
		ADDED from doggo-checker/android/AndroidManifest.xml:46:19-55
	android:label
		ADDED from doggo-checker/android/AndroidManifest.xml:47:19-66
	android:name
		ADDED from doggo-checker/android/AndroidManifest.xml:45:19-70
activity#org.tensorflow.demo.StylizeActivity
ADDED from doggo-checker/android/AndroidManifest.xml:54:9-61:20
	android:screenOrientation
		ADDED from doggo-checker/android/AndroidManifest.xml:55:19-55
	android:label
		ADDED from doggo-checker/android/AndroidManifest.xml:56:19-64
	android:name
		ADDED from doggo-checker/android/AndroidManifest.xml:54:19-69